<?xml version="1.0" encoding="UTF-8"?>
<testsuite name="casino.game.DefaultGameTest" tests="1" skipped="0" failures="0" errors="0" timestamp="2020-10-25T07:16:22" hostname="DESKTOP-QCAEEEG" time="0.054">
  <properties/>
  <testcase name="test_createNewBettingRoundWithPreviousBettingRound_BettingRoundIsCreated(Mock for Bet, hashCode: 345364146, Mock for Bet, hashCode: 1930503917, Mock for Bet, hashCode: 1467962269) [0]" classname="casino.game.DefaultGameTest" time="0.054"/>
  <system-out><![CDATA[]]></system-out>
  <system-err><![CDATA[]]></system-err>
</testsuite>
