<?xml version="1.0" encoding="UTF-8"?>
<testsuite name="casino.cashier.CashierTest" tests="1" skipped="0" failures="0" errors="0" timestamp="2020-10-25T21:01:38" hostname="DESKTOP-AQMEFGJ" time="0.225">
  <properties/>
  <testcase name="test_CheckBetValid_ReturnsTrue" classname="casino.cashier.CashierTest" time="0.225"/>
  <system-out><![CDATA[]]></system-out>
  <system-err><![CDATA[]]></system-err>
</testsuite>
