<?xml version="1.0" encoding="UTF-8"?>
<testsuite name="casino.game.DefaultGameTest" tests="1" skipped="0" failures="0" errors="0" timestamp="2020-10-24T18:58:43" hostname="DESKTOP-QCAEEEG" time="0.108">
  <properties/>
  <testcase name="test_AcceptValidBet_BetIsSuccessful" classname="casino.game.DefaultGameTest" time="0.108"/>
  <system-out><![CDATA[]]></system-out>
  <system-err><![CDATA[]]></system-err>
</testsuite>
