<?xml version="1.0" encoding="UTF-8"?>
<<<<<<< HEAD
<testsuite name="casino.cashier.GamblerCardTest" tests="9" skipped="0" failures="0" errors="0" timestamp="2020-10-25T20:05:01" hostname="DESKTOP-AQMEFGJ" time="0.02">
  <properties/>
  <testcase name="test_returnAllBetsClear_CorectLIstIsReturenedCardsAreDeleted" classname="casino.cashier.GamblerCardTest" time="0.017"/>
  <testcase name="test_GetNumberOfBetIds_ReturnsRightNumber(5) [0]" classname="casino.cashier.GamblerCardTest" time="0.0"/>
  <testcase name="test_GetNumberOfBetIds_ReturnsRightNumber(10) [1]" classname="casino.cashier.GamblerCardTest" time="0.001"/>
  <testcase name="test_GetNumberOfBetIds_ReturnsRightNumber(0) [2]" classname="casino.cashier.GamblerCardTest" time="0.0"/>
  <testcase name="test_GetNumberOfBetIds_ReturnsRightNumber(1) [3]" classname="casino.cashier.GamblerCardTest" time="0.0"/>
  <testcase name="test_CreateUniqueBetID_SuccessfulyCreatesBetID" classname="casino.cashier.GamblerCardTest" time="0.001"/>
  <testcase name="test_GetCardId_isNotNull" classname="casino.cashier.GamblerCardTest" time="0.0"/>
  <testcase name="test_ReturnBetIdsEmpty_SuccessfullyReturnsListOfBetIds" classname="casino.cashier.GamblerCardTest" time="0.0"/>
=======
<testsuite name="casino.cashier.GamblerCardTest" tests="9" skipped="0" failures="0" errors="0" timestamp="2020-10-25T19:59:53" hostname="DESKTOP-QCAEEEG" time="0.056">
  <properties/>
  <testcase name="test_returnAllBetsClear_CorectLIstIsReturenedCardsAreDeleted" classname="casino.cashier.GamblerCardTest" time="0.042"/>
  <testcase name="test_GetNumberOfBetIds_ReturnsRightNumber(5) [0]" classname="casino.cashier.GamblerCardTest" time="0.001"/>
  <testcase name="test_GetNumberOfBetIds_ReturnsRightNumber(10) [1]" classname="casino.cashier.GamblerCardTest" time="0.001"/>
  <testcase name="test_GetNumberOfBetIds_ReturnsRightNumber(0) [2]" classname="casino.cashier.GamblerCardTest" time="0.001"/>
  <testcase name="test_GetNumberOfBetIds_ReturnsRightNumber(1) [3]" classname="casino.cashier.GamblerCardTest" time="0.001"/>
  <testcase name="test_CreateUniqueBetID_SuccessfulyCreatesBetID" classname="casino.cashier.GamblerCardTest" time="0.003"/>
  <testcase name="test_GetCardId_isNotNull" classname="casino.cashier.GamblerCardTest" time="0.001"/>
  <testcase name="test_ReturnBetIdsEmpty_SuccessfullyReturnsListOfBetIds" classname="casino.cashier.GamblerCardTest" time="0.001"/>
>>>>>>> 4cf7d51f1abe3c78cebd62c8531a66affeca69e5
  <testcase name="test_ReturnBetIdsNotEmpty_SuccessfullyReturnsListOfBetIds" classname="casino.cashier.GamblerCardTest" time="0.001"/>
  <system-out><![CDATA[]]></system-out>
  <system-err><![CDATA[]]></system-err>
</testsuite>
