<?xml version="1.0" encoding="UTF-8"?>
<testsuite name="casino.bet.BetTest" tests="2" skipped="0" failures="0" errors="0" timestamp="2020-10-25T21:45:37" hostname="DESKTOP-CSQT5FI" time="0.264">
  <properties/>
  <testcase name="uniqueBetID" classname="casino.bet.BetTest" time="0.005"/>
  <testcase name="CreateABet" classname="casino.bet.BetTest" time="0.259"/>
  <system-out><![CDATA[]]></system-out>
  <system-err><![CDATA[]]></system-err>
</testsuite>
