<?xml version="1.0" encoding="UTF-8"?>
<testsuite name="casino.cashier.CashierTest" tests="7" skipped="0" failures="0" errors="0" timestamp="2020-10-25T21:45:37" hostname="DESKTOP-CSQT5FI" time="0.057">
  <properties/>
  <testcase name="test_AddMoneyToCard_Works([casino.bet.MoneyAmount@3273e32c, casino.bet.MoneyAmount@4c402dae, casino.bet.MoneyAmount@24f16c95]) [0]" classname="casino.cashier.CashierTest" time="0.012"/>
  <testcase name="test_CheckBetValid_ReturnsException" classname="casino.cashier.CashierTest" time="0.042"/>
  <testcase name="test_AddInvalidMoneyToCard_ReturnsException([casino.bet.MoneyAmount@6ee8e986, casino.bet.MoneyAmount@432f0df4, casino.bet.MoneyAmount@e4f6562]) [0]" classname="casino.cashier.CashierTest" time="0.0"/>
  <testcase name="test_ExtractMoney_Works([casino.bet.MoneyAmount@21f525fa, casino.bet.MoneyAmount@8784c9b, casino.bet.MoneyAmount@3383b0cd]) [0]" classname="casino.cashier.CashierTest" time="0.0"/>
  <testcase name="test_RemoveBetsInCard_Works" classname="casino.cashier.CashierTest" time="0.0"/>
  <testcase name="test_CheckBetValid_ReturnsTrue" classname="casino.cashier.CashierTest" time="0.001"/>
  <testcase name="test_RemoveAmountInCard_Works([casino.bet.MoneyAmount@4612a7aa, casino.bet.MoneyAmount@4ec09067, casino.bet.MoneyAmount@49601b0]) [0]" classname="casino.cashier.CashierTest" time="0.0"/>
  <system-out><![CDATA[]]></system-out>
  <system-err><![CDATA[]]></system-err>
</testsuite>
