<?xml version="1.0" encoding="UTF-8"?>
<testsuite name="casino.game.DefaultGameTest" tests="1" skipped="1" failures="0" errors="0" timestamp="2020-10-25T14:55:39" hostname="DESKTOP-QCAEEEG" time="25.99">
  <properties/>
  <testcase name="test_DetectCorrectNumberOfTestsAreReached_SuccessfullyDetected([Mock for Bet, hashCode: 368625195, Mock for Bet, hashCode: 392040250, Mock for Bet, hashCode: 1863034542, Mock for Bet, hashCode: 803355060, Mock for Bet, hashCode: 2096659453, Mock for Bet, hashCode: 465079431, Mock for Bet, hashCode: 691300232, Mock for Bet, hashCode: 396739715, Mock for Bet, hashCode: 675115545, Mock for Bet, hashCode: 2000555821]) [0]" classname="casino.game.DefaultGameTest" time="25.99">
    <skipped/>
  </testcase>
  <system-out><![CDATA[]]></system-out>
  <system-err><![CDATA[]]></system-err>
</testsuite>
