<?xml version="1.0" encoding="UTF-8"?>
<testsuite name="casino.idfactory.IDFactoryTest" tests="1" skipped="0" failures="0" errors="0" timestamp="2020-10-25T11:01:16" hostname="DESKTOP-QCAEEEG" time="0.007">
  <properties/>
  <testcase name="test_BettingRoundID_GeneratesNumber" classname="casino.idfactory.IDFactoryTest" time="0.007"/>
  <system-out><![CDATA[]]></system-out>
  <system-err><![CDATA[]]></system-err>
</testsuite>
