<?xml version="1.0" encoding="UTF-8"?>
<testsuite name="casino.idfactory.GamingMachineIDTest" tests="3" skipped="0" failures="0" errors="0" timestamp="2020-10-25T17:17:57" hostname="DESKTOP-QCAEEEG" time="0.007">
  <properties/>
  <testcase name="test_CreateGamingMachineID_GamingMachineIDIsCreatedWithout_IDFactory" classname="casino.idfactory.GamingMachineIDTest" time="0.002"/>
  <testcase name="test_CreateGamingMachineID_GamingMachineIDIsCreated" classname="casino.idfactory.GamingMachineIDTest" time="0.001"/>
  <testcase name="test_CreateGamingMachineID_GamingMachineHasDifferentUUID" classname="casino.idfactory.GamingMachineIDTest" time="0.0"/>
  <system-out><![CDATA[]]></system-out>
  <system-err><![CDATA[]]></system-err>
</testsuite>
