<?xml version="1.0" encoding="UTF-8"?>
<testsuite name="casino.idfactory.BettingRoundIDTest" tests="3" skipped="0" failures="0" errors="0" timestamp="2020-10-25T17:17:57" hostname="DESKTOP-QCAEEEG" time="0.006">
  <properties/>
  <testcase name="test_CreateGamingMachineID_GamingMachineIDIsCreatedWithout_IDFactory" classname="casino.idfactory.BettingRoundIDTest" time="0.001"/>
  <testcase name="test_BettingRoundID_GeneratesNumber" classname="casino.idfactory.BettingRoundIDTest" time="0.003"/>
  <testcase name="test_CreateGamingMachineID_GamingMachineHasDifferentUUID" classname="casino.idfactory.BettingRoundIDTest" time="0.001"/>
  <system-out><![CDATA[]]></system-out>
  <system-err><![CDATA[]]></system-err>
</testsuite>
