<?xml version="1.0" encoding="UTF-8"?>
<testsuite name="casino.gamingmachine.GamingMachineTest" tests="7" skipped="0" failures="0" errors="0" timestamp="2020-10-25T21:45:37" hostname="DESKTOP-CSQT5FI" time="0.01">
  <properties/>
  <testcase name="noConnectedCardToPlaceBet" classname="casino.gamingmachine.GamingMachineTest" time="0.001"/>
  <testcase name="getGamingMachineID" classname="casino.gamingmachine.GamingMachineTest" time="0.0"/>
  <testcase name="checkIfCardIsDisconnected" classname="casino.gamingmachine.GamingMachineTest" time="0.0"/>
  <testcase name="CheckIfCardIsConnected" classname="casino.gamingmachine.GamingMachineTest" time="0.0"/>
  <testcase name="checkIfCardIsConnectedWhenOpenBet" classname="casino.gamingmachine.GamingMachineTest" time="0.0"/>
  <testcase name="clearAllBetWhenReceiveWinner" classname="casino.gamingmachine.GamingMachineTest" time="0.008"/>
  <testcase name="placeBetWithInvalidAmount" classname="casino.gamingmachine.GamingMachineTest" time="0.0"/>
  <system-out><![CDATA[]]></system-out>
  <system-err><![CDATA[]]></system-err>
</testsuite>
