<?xml version="1.0" encoding="UTF-8"?>
<testsuite name="casino.cashier.GamblerCardTest" tests="9" skipped="0" failures="0" errors="0" timestamp="2020-10-25T21:45:37" hostname="DESKTOP-CSQT5FI" time="0.042">
  <properties/>
  <testcase name="test_returnAllBetsClear_CorectLIstIsReturenedCardsAreDeleted" classname="casino.cashier.GamblerCardTest" time="0.034"/>
  <testcase name="test_GetNumberOfBetIds_ReturnsRightNumber(5) [0]" classname="casino.cashier.GamblerCardTest" time="0.0"/>
  <testcase name="test_GetNumberOfBetIds_ReturnsRightNumber(10) [1]" classname="casino.cashier.GamblerCardTest" time="0.001"/>
  <testcase name="test_GetNumberOfBetIds_ReturnsRightNumber(0) [2]" classname="casino.cashier.GamblerCardTest" time="0.001"/>
  <testcase name="test_GetNumberOfBetIds_ReturnsRightNumber(1) [3]" classname="casino.cashier.GamblerCardTest" time="0.0"/>
  <testcase name="test_CreateUniqueBetID_SuccessfulyCreatesBetID" classname="casino.cashier.GamblerCardTest" time="0.001"/>
  <testcase name="test_GetCardId_isNotNull" classname="casino.cashier.GamblerCardTest" time="0.001"/>
  <testcase name="test_ReturnBetIdsEmpty_SuccessfullyReturnsListOfBetIds" classname="casino.cashier.GamblerCardTest" time="0.001"/>
  <testcase name="test_ReturnBetIdsNotEmpty_SuccessfullyReturnsListOfBetIds" classname="casino.cashier.GamblerCardTest" time="0.0"/>
  <system-out><![CDATA[]]></system-out>
  <system-err><![CDATA[]]></system-err>
</testsuite>
