<?xml version="1.0" encoding="UTF-8"?>
<testsuite name="casino.bet.BetTest" tests="1" skipped="0" failures="0" errors="0" timestamp="2020-10-24T09:14:50" hostname="DESKTOP-CSQT5FI" time="0.005">
  <properties/>
  <testcase name="TheNewBetIsExisted" classname="casino.bet.BetTest" time="0.005"/>
  <system-out><![CDATA[]]></system-out>
  <system-err><![CDATA[]]></system-err>
</testsuite>
