<?xml version="1.0" encoding="UTF-8"?>
<testsuite name="casino.bet.BetTest" tests="2" skipped="0" failures="0" errors="0" timestamp="2020-10-25T19:59:53" hostname="DESKTOP-QCAEEEG" time="0.016">
  <properties/>
  <testcase name="CreateABet" classname="casino.bet.BetTest" time="0.015"/>
  <testcase name="UniqueBetID" classname="casino.bet.BetTest" time="0.0"/>
  <system-out><![CDATA[]]></system-out>
  <system-err><![CDATA[]]></system-err>
</testsuite>
