<?xml version="1.0" encoding="UTF-8"?>
<testsuite name="casino.idfactory.CardIDTest" tests="1" skipped="0" failures="0" errors="0" timestamp="2020-10-25T21:45:37" hostname="DESKTOP-CSQT5FI" time="0.0">
  <properties/>
  <testcase name="uniqueCardID" classname="casino.idfactory.CardIDTest" time="0.0"/>
  <system-out><![CDATA[]]></system-out>
  <system-err><![CDATA[]]></system-err>
</testsuite>
