<?xml version="1.0" encoding="UTF-8"?>
<testsuite name="casino.game.DefaultGameTest" tests="1" skipped="0" failures="0" errors="0" timestamp="2020-10-24T19:14:08" hostname="DESKTOP-QCAEEEG" time="15.122">
  <properties/>
  <testcase name="test_ThrowException_ThrowNoCurrentRoundException" classname="casino.game.DefaultGameTest" time="15.122"/>
  <system-out><![CDATA[]]></system-out>
  <system-err><![CDATA[]]></system-err>
</testsuite>
