<?xml version="1.0" encoding="UTF-8"?>
<testsuite name="casino.gamingmachine.GamingMachineTest" tests="1" skipped="0" failures="0" errors="0" timestamp="2020-10-24T10:51:03" hostname="DESKTOP-CSQT5FI" time="0.008">
  <properties/>
  <testcase name="placeBet" classname="casino.gamingmachine.GamingMachineTest" time="0.008"/>
  <system-out><![CDATA[]]></system-out>
  <system-err><![CDATA[]]></system-err>
</testsuite>
