<?xml version="1.0" encoding="UTF-8"?>
<testsuite name="CashierTest" tests="6" skipped="0" failures="0" errors="0" timestamp="2020-10-25T17:55:07" hostname="DESKTOP-AQMEFGJ" time="0.497">
  <properties/>
  <testcase name="[0] [casino.bet.MoneyAmount@97ced2, casino.bet.MoneyAmount@46bd5753, casino.bet.MoneyAmount@3a688905] (test_AddMoneyToCard_Works)" classname="CashierTest" time="0.4"/>
  <testcase name="test_CheckBetValid_ReturnsException" classname="CashierTest" time="0.079"/>
  <testcase name="[0] [casino.bet.MoneyAmount@5ed7b1b4, casino.bet.MoneyAmount@20092bca, casino.bet.MoneyAmount@7273ae0d] (test_AddInvalidMoneyToCard_ReturnsException)" classname="CashierTest" time="0.0"/>
  <testcase name="test_RemoveBetsInCard_Works" classname="CashierTest" time="0.015"/>
  <testcase name="test_CheckBetValid_ReturnsTrue" classname="CashierTest" time="0.001"/>
  <testcase name="[0] [casino.bet.MoneyAmount@63a5b8eb, casino.bet.MoneyAmount@9cff3a, casino.bet.MoneyAmount@69a2d398] (test_RemoveAmountInCard_Works)" classname="CashierTest" time="0.0"/>
  <system-out><![CDATA[]]></system-out>
  <system-err><![CDATA[]]></system-err>
</testsuite>
