<?xml version="1.0" encoding="UTF-8"?>
<testsuite name="casino.game.BettingroundTest" tests="7" skipped="0" failures="0" errors="0" timestamp="2020-10-25T21:13:47" hostname="DESKTOP-AQMEFGJ" time="0.003">
  <properties/>
  <testcase name="test_addNullBet" classname="casino.game.BettingroundTest" time="0.001"/>
  <testcase name="test_ReturnAllBetsInCurrentBettinground_BetsReturned([casino.bet.Bet@19c11403, casino.bet.Bet@673a5081]) [0]" classname="casino.game.BettingroundTest" time="0.0"/>
  <testcase name="test_addNewBet" classname="casino.game.BettingroundTest" time="0.0"/>
  <testcase name="test_ReturnAmountOfBetsInCurrentBettinground_AmountReturned([casino.bet.Bet@4560c049, casino.bet.Bet@7ff45a0f]) [0]" classname="casino.game.BettingroundTest" time="0.0"/>
  <testcase name="test_addBetWhenBettingroundWhenFinished([casino.bet.Bet@6e8428fe, casino.bet.Bet@5b8fd3f7]) [0]" classname="casino.game.BettingroundTest" time="0.0"/>
  <testcase name="test_generateBetID" classname="casino.game.BettingroundTest" time="0.0"/>
  <testcase name="test_AddBetToCurrentBettinground_ReturnsTrue" classname="casino.game.BettingroundTest" time="0.0"/>
  <system-out><![CDATA[]]></system-out>
  <system-err><![CDATA[]]></system-err>
</testsuite>
