<?xml version="1.0" encoding="UTF-8"?>
<testsuite name="casino.game.GameRuleTest" tests="4" skipped="0" failures="0" errors="0" timestamp="2020-10-25T19:09:49" hostname="DESKTOP-QCAEEEG" time="0.002">
  <properties/>
  <testcase name="randomWinValueNotInRangeOfSet" classname="casino.game.GameRuleTest" time="0.0"/>
  <testcase name="betsSetIsNullOrEmpty" classname="casino.game.GameRuleTest" time="0.0"/>
  <testcase name="returnMaxNumberOfBetsCanMade" classname="casino.game.GameRuleTest" time="0.0"/>
  <testcase name="randomWinValueInRangeOfSet" classname="casino.game.GameRuleTest" time="0.001"/>
  <system-out><![CDATA[]]></system-out>
  <system-err><![CDATA[]]></system-err>
</testsuite>
