<?xml version="1.0" encoding="UTF-8"?>
<testsuite name="casino.cashier.GamblerCardTest" tests="4" skipped="0" failures="0" errors="0" timestamp="2020-10-24T12:15:55" hostname="DESKTOP-QCAEEEG" time="0.014">
  <properties/>
  <testcase name="test_GetNumberOfBetIds_ReturnsRightNumber(5) [0]" classname="casino.cashier.GamblerCardTest" time="0.01"/>
  <testcase name="test_GetNumberOfBetIds_ReturnsRightNumber(10) [1]" classname="casino.cashier.GamblerCardTest" time="0.003"/>
  <testcase name="test_GetNumberOfBetIds_ReturnsRightNumber(0) [2]" classname="casino.cashier.GamblerCardTest" time="0.0"/>
  <testcase name="test_GetNumberOfBetIds_ReturnsRightNumber(1) [3]" classname="casino.cashier.GamblerCardTest" time="0.0"/>
  <system-out><![CDATA[]]></system-out>
  <system-err><![CDATA[]]></system-err>
</testsuite>
