<?xml version="1.0" encoding="UTF-8"?>
<testsuite name="casino.game.DefaultGameTest" tests="7" skipped="0" failures="0" errors="0" timestamp="2020-10-25T11:16:17" hostname="DESKTOP-QCAEEEG" time="0.125">
  <properties/>
  <testcase name="test_createNewBettingRoundWithPreviousBettingRound_BettingRoundIsCreated(Mock for Bet, hashCode: 1765285657, Mock for Bet, hashCode: 661897579, Mock for Bet, hashCode: 945571981) [0]" classname="casino.game.DefaultGameTest" time="0.048"/>
  <testcase name="isBettingRoundFinished" classname="casino.game.DefaultGameTest" time="0.0"/>
  <testcase name="test_InvalidBet_BetIsUnSuccessful" classname="casino.game.DefaultGameTest" time="0.069"/>
  <testcase name="test_AcceptValidBet_BetIsSuccessful" classname="casino.game.DefaultGameTest" time="0.003"/>
  <testcase name="test_AcceptBetWithNoCurrentRound_ThrowNoCurrentRoundException" classname="casino.game.DefaultGameTest" time="0.003"/>
  <testcase name="test_createNewBettingRoundWithoutPreviousBettingRound_BettingRoundIsCreated" classname="casino.game.DefaultGameTest" time="0.0"/>
  <testcase name="test_DetermineWinnerWithBets_CorrectWinnerIsChosen" classname="casino.game.DefaultGameTest" time="0.0"/>
  <system-out><![CDATA[]]></system-out>
  <system-err><![CDATA[]]></system-err>
</testsuite>
