<?xml version="1.0" encoding="UTF-8"?>
<testsuite name="casino.gamingmachine.GamingMachineTest" tests="1" skipped="0" failures="0" errors="0" timestamp="2020-10-24T19:39:30" hostname="DESKTOP-CSQT5FI" time="0.001">
  <properties/>
  <testcase name="CheckIfCardIsConnected" classname="casino.gamingmachine.GamingMachineTest" time="0.001"/>
  <system-out><![CDATA[]]></system-out>
  <system-err><![CDATA[]]></system-err>
</testsuite>
