<?xml version="1.0" encoding="UTF-8"?>
<testsuite name="casino.game.DefaultGameTest" tests="5" skipped="1" failures="0" errors="0" timestamp="2020-10-24T17:00:52" hostname="DESKTOP-QCAEEEG" time="0.011">
  <properties/>
  <testcase name="acceptBet" classname="casino.game.DefaultGameTest" time="0.001"/>
  <testcase name="determineWinner" classname="casino.game.DefaultGameTest" time="0.0"/>
  <testcase name="test_createNewBettingRoundWithPreviousBettingRound_BettingRoundIsCreated" classname="casino.game.DefaultGameTest" time="0.0">
    <skipped/>
  </testcase>
  <testcase name="isBettingRoundFinished" classname="casino.game.DefaultGameTest" time="0.0"/>
  <testcase name="test_createNewBettingRoundWithoutPreviousBettingRound_BettingRoundIsCreated" classname="casino.game.DefaultGameTest" time="0.007"/>
  <system-out><![CDATA[]]></system-out>
  <system-err><![CDATA[]]></system-err>
</testsuite>
