<?xml version="1.0" encoding="UTF-8"?>
<testsuite name="casino.idfactory.BettingRoundIDTest" tests="3" skipped="0" failures="0" errors="0" timestamp="2020-10-25T21:13:47" hostname="DESKTOP-AQMEFGJ" time="0.0">
  <properties/>
  <testcase name="test_CreateGamingMachineID_GamingMachineIDIsCreatedWithout_IDFactory" classname="casino.idfactory.BettingRoundIDTest" time="0.0"/>
  <testcase name="test_BettingRoundID_GeneratesNumber" classname="casino.idfactory.BettingRoundIDTest" time="0.0"/>
  <testcase name="test_CreateGamingMachineID_GamingMachineHasDifferentUUID" classname="casino.idfactory.BettingRoundIDTest" time="0.0"/>
  <system-out><![CDATA[]]></system-out>
  <system-err><![CDATA[]]></system-err>
</testsuite>
